<?xml version="1.0" encoding="UTF-8"?>
<!-- Generated by org.testng.reporters.JUnitXMLReporter -->
<testsuite ignored="0" hostname="LAPTOP-09TBB8MA" failures="11" tests="19" name="Command line test" time="723.74" errors="0" timestamp="2023-02-14T18:37:56 AMT">
  <testcase classname="HardcoreTest" name="homePageOpened" time="19.173"/>
  <testcase classname="HardcoreTest" name="textInput" time="0.333"/>
  <testcase classname="HardcoreTest" name="selectResultInSearchPage" time="9.726"/>
  <testcase classname="HardcoreTest" name="inputNumberOfInstances" time="0.272"/>
  <testcase classname="HardcoreTest" name="chooseOs" time="0.838"/>
  <testcase classname="HardcoreTest" name="chooseVmClass" time="0.73"/>
  <testcase classname="HardcoreTest" name="chooseSeries" time="40.379">
    <failure type="org.openqa.selenium.TimeoutException" message="Expected condition failed: waiting for element to be clickable: By.xpath: //md-option[@value=&amp;apos;n1&amp;apos;] (tried for 40 second(s) with 500 milliseconds interval)
Build info: version: &amp;apos;4.7.2&amp;apos;, revision: &amp;apos;4d4020c3b7&amp;apos;
System info: os.name: &amp;apos;Windows 10&amp;apos;, os.arch: &amp;apos;amd64&amp;apos;, os.version: &amp;apos;10.0&amp;apos;, java.version: &amp;apos;17.0.4.1&amp;apos;
Driver info: org.openqa.selenium.chrome.ChromeDriver
Capabilities {acceptInsecureCerts: false, browserName: chrome, browserVersion: 110.0.5481.77, chrome: {chromedriverVersion: 110.0.5481.77 (65ed616c6e8e..., userDataDir: C:\Users\alexa\AppData\Loca...}, goog:chromeOptions: {debuggerAddress: localhost:56056}, networkConnectionEnabled: false, pageLoadStrategy: normal, platformName: WINDOWS, proxy: Proxy(), se:cdp: ws://localhost:56056/devtoo..., se:cdpVersion: 110.0.5481.77, setWindowRect: true, strictFileInteractability: false, timeouts: {implicit: 0, pageLoad: 300000, script: 30000}, unhandledPromptBehavior: dismiss and notify, webauthn:extension:credBlob: true, webauthn:extension:largeBlob: true, webauthn:virtualAuthenticators: true}
Session ID: f6e170f0fc8ab3352fc0098c3db2ba74">
      <![CDATA[org.openqa.selenium.TimeoutException: Expected condition failed: waiting for element to be clickable: By.xpath: //md-option[@value='n1'] (tried for 40 second(s) with 500 milliseconds interval)
Build info: version: '4.7.2', revision: '4d4020c3b7'
System info: os.name: 'Windows 10', os.arch: 'amd64', os.version: '10.0', java.version: '17.0.4.1'
Driver info: org.openqa.selenium.chrome.ChromeDriver
Capabilities {acceptInsecureCerts: false, browserName: chrome, browserVersion: 110.0.5481.77, chrome: {chromedriverVersion: 110.0.5481.77 (65ed616c6e8e..., userDataDir: C:\Users\alexa\AppData\Loca...}, goog:chromeOptions: {debuggerAddress: localhost:56056}, networkConnectionEnabled: false, pageLoadStrategy: normal, platformName: WINDOWS, proxy: Proxy(), se:cdp: ws://localhost:56056/devtoo..., se:cdpVersion: 110.0.5481.77, setWindowRect: true, strictFileInteractability: false, timeouts: {implicit: 0, pageLoad: 300000, script: 30000}, unhandledPromptBehavior: dismiss and notify, webauthn:extension:credBlob: true, webauthn:extension:largeBlob: true, webauthn:virtualAuthenticators: true}
Session ID: f6e170f0fc8ab3352fc0098c3db2ba74
at org.openqa.selenium.support.ui.WebDriverWait.timeoutException(WebDriverWait.java:87)
at org.openqa.selenium.support.ui.FluentWait.until(FluentWait.java:231)
at pages.GoogleCloudPrisingCalculatorPage.chooseSeries(GoogleCloudPrisingCalculatorPage.java:111)
at HardcoreTest.chooseSeries(HardcoreTest.java:26)
... Removed 34 stack frames]]>
    </failure>
  </testcase> <!-- chooseSeries -->
  <testcase classname="HardcoreTest" name="instanceTypeChosen" time="1.115">
    <failure type="org.openqa.selenium.ElementClickInterceptedException" message="element click intercepted: Element &amp;lt;iframe src=&amp;quot;https://cloud.google.com/frame/products/calculator/index_d6a98ba38837346d20babc06ff2153b68c2990fa24322fe52c5f83ec3a78c6a0.frame?hl=ru&amp;quot; allow=&amp;quot;clipboard-write https://cloud-dot-devsite-v2-prod.appspot.com&amp;quot; allowfullscreen=&amp;quot;&amp;quot; name=&amp;quot;goog_2104496613&amp;quot; cd_frame_id_=&amp;quot;ce2324ae660481d8198ebc8ce40a45a0&amp;quot;&amp;gt;&amp;lt;/iframe&amp;gt; is not clickable at point (672, 15). Other element would receive the click: &amp;lt;nav class=&amp;quot;devsite-tabs-wrapper&amp;quot; aria-label=&amp;quot;Upper tabs&amp;quot; style=&amp;quot;--scroll-animation-duration:250ms; --scroll-offset:0px;&amp;quot;&amp;gt;...&amp;lt;/nav&amp;gt;
  (Session info: chrome=110.0.5481.77)
Build info: version: &amp;apos;4.7.2&amp;apos;, revision: &amp;apos;4d4020c3b7&amp;apos;
System info: os.name: &amp;apos;Windows 10&amp;apos;, os.arch: &amp;apos;amd64&amp;apos;, os.version: &amp;apos;10.0&amp;apos;, java.version: &amp;apos;17.0.4.1&amp;apos;
Driver info: org.openqa.selenium.chrome.ChromeDriver
Command: [f6e170f0fc8ab3352fc0098c3db2ba74, clickElement {id=04493a6b-1baf-4d75-979b-a303aafe2d46}]
Capabilities {acceptInsecureCerts: false, browserName: chrome, browserVersion: 110.0.5481.77, chrome: {chromedriverVersion: 110.0.5481.77 (65ed616c6e8e..., userDataDir: C:\Users\alexa\AppData\Loca...}, goog:chromeOptions: {debuggerAddress: localhost:56056}, networkConnectionEnabled: false, pageLoadStrategy: normal, platformName: WINDOWS, proxy: Proxy(), se:cdp: ws://localhost:56056/devtoo..., se:cdpVersion: 110.0.5481.77, setWindowRect: true, strictFileInteractability: false, timeouts: {implicit: 0, pageLoad: 300000, script: 30000}, unhandledPromptBehavior: dismiss and notify, webauthn:extension:credBlob: true, webauthn:extension:largeBlob: true, webauthn:virtualAuthenticators: true}
Element: [[ChromeDriver: chrome on WINDOWS (f6e170f0fc8ab3352fc0098c3db2ba74)] -&amp;gt; xpath: //label[contains(text(), &amp;apos;Series&amp;apos;)]/following-sibling::md-select]
Session ID: f6e170f0fc8ab3352fc0098c3db2ba74">
      <![CDATA[org.openqa.selenium.ElementClickInterceptedException: element click intercepted: Element <iframe src="https://cloud.google.com/frame/products/calculator/index_d6a98ba38837346d20babc06ff2153b68c2990fa24322fe52c5f83ec3a78c6a0.frame?hl=ru" allow="clipboard-write https://cloud-dot-devsite-v2-prod.appspot.com" allowfullscreen="" name="goog_2104496613" cd_frame_id_="ce2324ae660481d8198ebc8ce40a45a0"></iframe> is not clickable at point (672, 15). Other element would receive the click: <nav class="devsite-tabs-wrapper" aria-label="Upper tabs" style="--scroll-animation-duration:250ms; --scroll-offset:0px;">...</nav>
  (Session info: chrome=110.0.5481.77)
Build info: version: '4.7.2', revision: '4d4020c3b7'
System info: os.name: 'Windows 10', os.arch: 'amd64', os.version: '10.0', java.version: '17.0.4.1'
Driver info: org.openqa.selenium.chrome.ChromeDriver
Command: [f6e170f0fc8ab3352fc0098c3db2ba74, clickElement {id=04493a6b-1baf-4d75-979b-a303aafe2d46}]
Capabilities {acceptInsecureCerts: false, browserName: chrome, browserVersion: 110.0.5481.77, chrome: {chromedriverVersion: 110.0.5481.77 (65ed616c6e8e..., userDataDir: C:\Users\alexa\AppData\Loca...}, goog:chromeOptions: {debuggerAddress: localhost:56056}, networkConnectionEnabled: false, pageLoadStrategy: normal, platformName: WINDOWS, proxy: Proxy(), se:cdp: ws://localhost:56056/devtoo..., se:cdpVersion: 110.0.5481.77, setWindowRect: true, strictFileInteractability: false, timeouts: {implicit: 0, pageLoad: 300000, script: 30000}, unhandledPromptBehavior: dismiss and notify, webauthn:extension:credBlob: true, webauthn:extension:largeBlob: true, webauthn:virtualAuthenticators: true}
Element: [[ChromeDriver: chrome on WINDOWS (f6e170f0fc8ab3352fc0098c3db2ba74)] -> xpath: //label[contains(text(), 'Series')]/following-sibling::md-select]
Session ID: f6e170f0fc8ab3352fc0098c3db2ba74
at org.openqa.selenium.remote.codec.w3c.W3CHttpResponseCodec.createException(W3CHttpResponseCodec.java:200)
at org.openqa.selenium.remote.codec.w3c.W3CHttpResponseCodec.decode(W3CHttpResponseCodec.java:133)
at org.openqa.selenium.remote.codec.w3c.W3CHttpResponseCodec.decode(W3CHttpResponseCodec.java:53)
at org.openqa.selenium.remote.HttpCommandExecutor.execute(HttpCommandExecutor.java:184)
at org.openqa.selenium.remote.service.DriverCommandExecutor.invokeExecute(DriverCommandExecutor.java:167)
at org.openqa.selenium.remote.service.DriverCommandExecutor.execute(DriverCommandExecutor.java:142)
at org.openqa.selenium.remote.RemoteWebDriver.execute(RemoteWebDriver.java:535)
at org.openqa.selenium.remote.RemoteWebElement.execute(RemoteWebElement.java:257)
at org.openqa.selenium.remote.RemoteWebElement.click(RemoteWebElement.java:78)
at org.openqa.selenium.support.pagefactory.internal.LocatingElementHandler.invoke(LocatingElementHandler.java:52)
at jdk.proxy2/jdk.proxy2.$Proxy13.click(Unknown Source)
at pages.GoogleCloudPrisingCalculatorPage.chooseInstanceType(GoogleCloudPrisingCalculatorPage.java:114)
at HardcoreTest.instanceTypeChosen(HardcoreTest.java:28)
... Removed 43 stack frames]]>
    </failure>
  </testcase> <!-- instanceTypeChosen -->
  <testcase classname="HardcoreTest" name="addGpu" time="60.738">
    <failure type="org.openqa.selenium.TimeoutException" message="Expected condition failed: waiting for element to be clickable: By.xpath: //md-select[@ng-model=&amp;apos;listingCtrl.computeServer.gpuType&amp;apos;] (tried for 40 second(s) with 500 milliseconds interval)
Build info: version: &amp;apos;4.7.2&amp;apos;, revision: &amp;apos;4d4020c3b7&amp;apos;
System info: os.name: &amp;apos;Windows 10&amp;apos;, os.arch: &amp;apos;amd64&amp;apos;, os.version: &amp;apos;10.0&amp;apos;, java.version: &amp;apos;17.0.4.1&amp;apos;
Driver info: org.openqa.selenium.chrome.ChromeDriver
Capabilities {acceptInsecureCerts: false, browserName: chrome, browserVersion: 110.0.5481.77, chrome: {chromedriverVersion: 110.0.5481.77 (65ed616c6e8e..., userDataDir: C:\Users\alexa\AppData\Loca...}, goog:chromeOptions: {debuggerAddress: localhost:56056}, networkConnectionEnabled: false, pageLoadStrategy: normal, platformName: WINDOWS, proxy: Proxy(), se:cdp: ws://localhost:56056/devtoo..., se:cdpVersion: 110.0.5481.77, setWindowRect: true, strictFileInteractability: false, timeouts: {implicit: 0, pageLoad: 300000, script: 30000}, unhandledPromptBehavior: dismiss and notify, webauthn:extension:credBlob: true, webauthn:extension:largeBlob: true, webauthn:virtualAuthenticators: true}
Session ID: f6e170f0fc8ab3352fc0098c3db2ba74">
      <![CDATA[org.openqa.selenium.TimeoutException: Expected condition failed: waiting for element to be clickable: By.xpath: //md-select[@ng-model='listingCtrl.computeServer.gpuType'] (tried for 40 second(s) with 500 milliseconds interval)
Build info: version: '4.7.2', revision: '4d4020c3b7'
System info: os.name: 'Windows 10', os.arch: 'amd64', os.version: '10.0', java.version: '17.0.4.1'
Driver info: org.openqa.selenium.chrome.ChromeDriver
Capabilities {acceptInsecureCerts: false, browserName: chrome, browserVersion: 110.0.5481.77, chrome: {chromedriverVersion: 110.0.5481.77 (65ed616c6e8e..., userDataDir: C:\Users\alexa\AppData\Loca...}, goog:chromeOptions: {debuggerAddress: localhost:56056}, networkConnectionEnabled: false, pageLoadStrategy: normal, platformName: WINDOWS, proxy: Proxy(), se:cdp: ws://localhost:56056/devtoo..., se:cdpVersion: 110.0.5481.77, setWindowRect: true, strictFileInteractability: false, timeouts: {implicit: 0, pageLoad: 300000, script: 30000}, unhandledPromptBehavior: dismiss and notify, webauthn:extension:credBlob: true, webauthn:extension:largeBlob: true, webauthn:virtualAuthenticators: true}
Session ID: f6e170f0fc8ab3352fc0098c3db2ba74
at org.openqa.selenium.support.ui.WebDriverWait.timeoutException(WebDriverWait.java:87)
at org.openqa.selenium.support.ui.FluentWait.until(FluentWait.java:231)
at pages.GoogleCloudPrisingCalculatorPage.addGpus(GoogleCloudPrisingCalculatorPage.java:124)
at HardcoreTest.addGpu(HardcoreTest.java:30)
... Removed 34 stack frames]]>
    </failure>
  </testcase> <!-- addGpu -->
  <testcase classname="HardcoreTest" name="chooseSsd" time="60.785">
    <failure type="org.openqa.selenium.TimeoutException" message="Expected condition failed: waiting for element to be clickable: By.xpath: //md-option[@ng-repeat=&amp;apos;item in listingCtrl.dynamicSsd.computeServer&amp;apos; and @value = &amp;apos;2&amp;apos;]/div (tried for 40 second(s) with 500 milliseconds interval)
Build info: version: &amp;apos;4.7.2&amp;apos;, revision: &amp;apos;4d4020c3b7&amp;apos;
System info: os.name: &amp;apos;Windows 10&amp;apos;, os.arch: &amp;apos;amd64&amp;apos;, os.version: &amp;apos;10.0&amp;apos;, java.version: &amp;apos;17.0.4.1&amp;apos;
Driver info: org.openqa.selenium.chrome.ChromeDriver
Capabilities {acceptInsecureCerts: false, browserName: chrome, browserVersion: 110.0.5481.77, chrome: {chromedriverVersion: 110.0.5481.77 (65ed616c6e8e..., userDataDir: C:\Users\alexa\AppData\Loca...}, goog:chromeOptions: {debuggerAddress: localhost:56056}, networkConnectionEnabled: false, pageLoadStrategy: normal, platformName: WINDOWS, proxy: Proxy(), se:cdp: ws://localhost:56056/devtoo..., se:cdpVersion: 110.0.5481.77, setWindowRect: true, strictFileInteractability: false, timeouts: {implicit: 0, pageLoad: 300000, script: 30000}, unhandledPromptBehavior: dismiss and notify, webauthn:extension:credBlob: true, webauthn:extension:largeBlob: true, webauthn:virtualAuthenticators: true}
Session ID: f6e170f0fc8ab3352fc0098c3db2ba74">
      <![CDATA[org.openqa.selenium.TimeoutException: Expected condition failed: waiting for element to be clickable: By.xpath: //md-option[@ng-repeat='item in listingCtrl.dynamicSsd.computeServer' and @value = '2']/div (tried for 40 second(s) with 500 milliseconds interval)
Build info: version: '4.7.2', revision: '4d4020c3b7'
System info: os.name: 'Windows 10', os.arch: 'amd64', os.version: '10.0', java.version: '17.0.4.1'
Driver info: org.openqa.selenium.chrome.ChromeDriver
Capabilities {acceptInsecureCerts: false, browserName: chrome, browserVersion: 110.0.5481.77, chrome: {chromedriverVersion: 110.0.5481.77 (65ed616c6e8e..., userDataDir: C:\Users\alexa\AppData\Loca...}, goog:chromeOptions: {debuggerAddress: localhost:56056}, networkConnectionEnabled: false, pageLoadStrategy: normal, platformName: WINDOWS, proxy: Proxy(), se:cdp: ws://localhost:56056/devtoo..., se:cdpVersion: 110.0.5481.77, setWindowRect: true, strictFileInteractability: false, timeouts: {implicit: 0, pageLoad: 300000, script: 30000}, unhandledPromptBehavior: dismiss and notify, webauthn:extension:credBlob: true, webauthn:extension:largeBlob: true, webauthn:virtualAuthenticators: true}
Session ID: f6e170f0fc8ab3352fc0098c3db2ba74
at org.openqa.selenium.support.ui.WebDriverWait.timeoutException(WebDriverWait.java:87)
at org.openqa.selenium.support.ui.FluentWait.until(FluentWait.java:231)
at pages.GoogleCloudPrisingCalculatorPage.chooseSsd(GoogleCloudPrisingCalculatorPage.java:135)
at HardcoreTest.chooseSsd(HardcoreTest.java:32)
... Removed 34 stack frames]]>
    </failure>
  </testcase> <!-- chooseSsd -->
  <testcase classname="HardcoreTest" name="chooseLocation" time="1.126">
    <failure type="org.openqa.selenium.ElementClickInterceptedException" message="element click intercepted: Element &amp;lt;md-select placeholder=&amp;quot;Datacenter location&amp;quot; ng-model=&amp;quot;listingCtrl.computeServer.location&amp;quot; ng-change=&amp;quot;listingCtrl.onLocationChange(); listingCtrl.persistLocation(&amp;apos;computeServer&amp;apos;); listingCtrl.toggleMemoryExtension();&amp;quot; md-on-close=&amp;quot;listingCtrl.clearRegionText()&amp;quot; md-container-class=&amp;quot;cpc-region-select&amp;quot; class=&amp;quot;ng-pristine ng-untouched ng-valid ng-not-empty&amp;quot; tabindex=&amp;quot;0&amp;quot; aria-disabled=&amp;quot;false&amp;quot; role=&amp;quot;listbox&amp;quot; aria-expanded=&amp;quot;false&amp;quot; aria-multiselectable=&amp;quot;false&amp;quot; id=&amp;quot;select_125&amp;quot; aria-owns=&amp;quot;select_container_126&amp;quot; aria-invalid=&amp;quot;false&amp;quot; aria-label=&amp;quot;Datacenter location: 
                            Iowa (us-central1)
                        &amp;quot;&amp;gt;...&amp;lt;/md-select&amp;gt; is not clickable at point (360, 1120). Other element would receive the click: &amp;lt;md-backdrop class=&amp;quot;md-select-backdrop md-click-catcher ng-scope&amp;quot; style=&amp;quot;height: 3900px;&amp;quot;&amp;gt;&amp;lt;/md-backdrop&amp;gt;
  (Session info: chrome=110.0.5481.77)
Build info: version: &amp;apos;4.7.2&amp;apos;, revision: &amp;apos;4d4020c3b7&amp;apos;
System info: os.name: &amp;apos;Windows 10&amp;apos;, os.arch: &amp;apos;amd64&amp;apos;, os.version: &amp;apos;10.0&amp;apos;, java.version: &amp;apos;17.0.4.1&amp;apos;
Driver info: org.openqa.selenium.chrome.ChromeDriver
Command: [f6e170f0fc8ab3352fc0098c3db2ba74, clickElement {id=2a4da2d9-4eb9-42ed-b05f-03c7dde474cb}]
Capabilities {acceptInsecureCerts: false, browserName: chrome, browserVersion: 110.0.5481.77, chrome: {chromedriverVersion: 110.0.5481.77 (65ed616c6e8e..., userDataDir: C:\Users\alexa\AppData\Loca...}, goog:chromeOptions: {debuggerAddress: localhost:56056}, networkConnectionEnabled: false, pageLoadStrategy: normal, platformName: WINDOWS, proxy: Proxy(), se:cdp: ws://localhost:56056/devtoo..., se:cdpVersion: 110.0.5481.77, setWindowRect: true, strictFileInteractability: false, timeouts: {implicit: 0, pageLoad: 300000, script: 30000}, unhandledPromptBehavior: dismiss and notify, webauthn:extension:credBlob: true, webauthn:extension:largeBlob: true, webauthn:virtualAuthenticators: true}
Element: [[ChromeDriver: chrome on WINDOWS (f6e170f0fc8ab3352fc0098c3db2ba74)] -&amp;gt; xpath: //md-select[@ng-model=&amp;apos;listingCtrl.computeServer.location&amp;apos;]]
Session ID: f6e170f0fc8ab3352fc0098c3db2ba74">
      <![CDATA[org.openqa.selenium.ElementClickInterceptedException: element click intercepted: Element <md-select placeholder="Datacenter location" ng-model="listingCtrl.computeServer.location" ng-change="listingCtrl.onLocationChange(); listingCtrl.persistLocation('computeServer'); listingCtrl.toggleMemoryExtension();" md-on-close="listingCtrl.clearRegionText()" md-container-class="cpc-region-select" class="ng-pristine ng-untouched ng-valid ng-not-empty" tabindex="0" aria-disabled="false" role="listbox" aria-expanded="false" aria-multiselectable="false" id="select_125" aria-owns="select_container_126" aria-invalid="false" aria-label="Datacenter location: 
                            Iowa (us-central1)
                        ">...</md-select> is not clickable at point (360, 1120). Other element would receive the click: <md-backdrop class="md-select-backdrop md-click-catcher ng-scope" style="height: 3900px;"></md-backdrop>
  (Session info: chrome=110.0.5481.77)
Build info: version: '4.7.2', revision: '4d4020c3b7'
System info: os.name: 'Windows 10', os.arch: 'amd64', os.version: '10.0', java.version: '17.0.4.1'
Driver info: org.openqa.selenium.chrome.ChromeDriver
Command: [f6e170f0fc8ab3352fc0098c3db2ba74, clickElement {id=2a4da2d9-4eb9-42ed-b05f-03c7dde474cb}]
Capabilities {acceptInsecureCerts: false, browserName: chrome, browserVersion: 110.0.5481.77, chrome: {chromedriverVersion: 110.0.5481.77 (65ed616c6e8e..., userDataDir: C:\Users\alexa\AppData\Loca...}, goog:chromeOptions: {debuggerAddress: localhost:56056}, networkConnectionEnabled: false, pageLoadStrategy: normal, platformName: WINDOWS, proxy: Proxy(), se:cdp: ws://localhost:56056/devtoo..., se:cdpVersion: 110.0.5481.77, setWindowRect: true, strictFileInteractability: false, timeouts: {implicit: 0, pageLoad: 300000, script: 30000}, unhandledPromptBehavior: dismiss and notify, webauthn:extension:credBlob: true, webauthn:extension:largeBlob: true, webauthn:virtualAuthenticators: true}
Element: [[ChromeDriver: chrome on WINDOWS (f6e170f0fc8ab3352fc0098c3db2ba74)] -> xpath: //md-select[@ng-model='listingCtrl.computeServer.location']]
Session ID: f6e170f0fc8ab3352fc0098c3db2ba74
at org.openqa.selenium.remote.codec.w3c.W3CHttpResponseCodec.createException(W3CHttpResponseCodec.java:200)
at org.openqa.selenium.remote.codec.w3c.W3CHttpResponseCodec.decode(W3CHttpResponseCodec.java:133)
at org.openqa.selenium.remote.codec.w3c.W3CHttpResponseCodec.decode(W3CHttpResponseCodec.java:53)
at org.openqa.selenium.remote.HttpCommandExecutor.execute(HttpCommandExecutor.java:184)
at org.openqa.selenium.remote.service.DriverCommandExecutor.invokeExecute(DriverCommandExecutor.java:167)
at org.openqa.selenium.remote.service.DriverCommandExecutor.execute(DriverCommandExecutor.java:142)
at org.openqa.selenium.remote.RemoteWebDriver.execute(RemoteWebDriver.java:535)
at org.openqa.selenium.remote.RemoteWebElement.execute(RemoteWebElement.java:257)
at org.openqa.selenium.remote.RemoteWebElement.click(RemoteWebElement.java:78)
at org.openqa.selenium.support.pagefactory.internal.LocatingElementHandler.invoke(LocatingElementHandler.java:52)
at jdk.proxy2/jdk.proxy2.$Proxy13.click(Unknown Source)
at pages.GoogleCloudPrisingCalculatorPage.chooseDatabaseLocation(GoogleCloudPrisingCalculatorPage.java:138)
at HardcoreTest.chooseLocation(HardcoreTest.java:34)
... Removed 43 stack frames]]>
    </failure>
  </testcase> <!-- chooseLocation -->
  <testcase classname="HardcoreTest" name="chooseCommittedUsage" time="1.127">
    <failure type="org.openqa.selenium.ElementClickInterceptedException" message="element click intercepted: Element &amp;lt;md-select placeholder=&amp;quot;Committed usage&amp;quot; ng-disabled=&amp;quot;listingCtrl.isCudDisabled&amp;quot; ng-change=&amp;quot;listingCtrl.onCudChange(&amp;apos;computeServer&amp;apos;);&amp;quot; ng-model=&amp;quot;listingCtrl.computeServer.cud&amp;quot; class=&amp;quot;ng-pristine ng-untouched ng-valid ng-not-empty&amp;quot; tabindex=&amp;quot;0&amp;quot; role=&amp;quot;listbox&amp;quot; aria-expanded=&amp;quot;false&amp;quot; aria-multiselectable=&amp;quot;false&amp;quot; id=&amp;quot;select_132&amp;quot; aria-owns=&amp;quot;select_container_133&amp;quot; aria-disabled=&amp;quot;false&amp;quot; aria-invalid=&amp;quot;false&amp;quot; aria-label=&amp;quot;Committed usage: None&amp;quot;&amp;gt;...&amp;lt;/md-select&amp;gt; is not clickable at point (360, 1286). Other element would receive the click: &amp;lt;md-backdrop class=&amp;quot;md-select-backdrop md-click-catcher ng-scope&amp;quot; style=&amp;quot;height: 3900px;&amp;quot;&amp;gt;&amp;lt;/md-backdrop&amp;gt;
  (Session info: chrome=110.0.5481.77)
Build info: version: &amp;apos;4.7.2&amp;apos;, revision: &amp;apos;4d4020c3b7&amp;apos;
System info: os.name: &amp;apos;Windows 10&amp;apos;, os.arch: &amp;apos;amd64&amp;apos;, os.version: &amp;apos;10.0&amp;apos;, java.version: &amp;apos;17.0.4.1&amp;apos;
Driver info: org.openqa.selenium.chrome.ChromeDriver
Command: [f6e170f0fc8ab3352fc0098c3db2ba74, clickElement {id=6ebc31f7-5ba9-4271-9253-54356dff6f80}]
Capabilities {acceptInsecureCerts: false, browserName: chrome, browserVersion: 110.0.5481.77, chrome: {chromedriverVersion: 110.0.5481.77 (65ed616c6e8e..., userDataDir: C:\Users\alexa\AppData\Loca...}, goog:chromeOptions: {debuggerAddress: localhost:56056}, networkConnectionEnabled: false, pageLoadStrategy: normal, platformName: WINDOWS, proxy: Proxy(), se:cdp: ws://localhost:56056/devtoo..., se:cdpVersion: 110.0.5481.77, setWindowRect: true, strictFileInteractability: false, timeouts: {implicit: 0, pageLoad: 300000, script: 30000}, unhandledPromptBehavior: dismiss and notify, webauthn:extension:credBlob: true, webauthn:extension:largeBlob: true, webauthn:virtualAuthenticators: true}
Element: [[ChromeDriver: chrome on WINDOWS (f6e170f0fc8ab3352fc0098c3db2ba74)] -&amp;gt; xpath: //md-select[@ng-model=&amp;apos;listingCtrl.computeServer.cud&amp;apos;]]
Session ID: f6e170f0fc8ab3352fc0098c3db2ba74">
      <![CDATA[org.openqa.selenium.ElementClickInterceptedException: element click intercepted: Element <md-select placeholder="Committed usage" ng-disabled="listingCtrl.isCudDisabled" ng-change="listingCtrl.onCudChange('computeServer');" ng-model="listingCtrl.computeServer.cud" class="ng-pristine ng-untouched ng-valid ng-not-empty" tabindex="0" role="listbox" aria-expanded="false" aria-multiselectable="false" id="select_132" aria-owns="select_container_133" aria-disabled="false" aria-invalid="false" aria-label="Committed usage: None">...</md-select> is not clickable at point (360, 1286). Other element would receive the click: <md-backdrop class="md-select-backdrop md-click-catcher ng-scope" style="height: 3900px;"></md-backdrop>
  (Session info: chrome=110.0.5481.77)
Build info: version: '4.7.2', revision: '4d4020c3b7'
System info: os.name: 'Windows 10', os.arch: 'amd64', os.version: '10.0', java.version: '17.0.4.1'
Driver info: org.openqa.selenium.chrome.ChromeDriver
Command: [f6e170f0fc8ab3352fc0098c3db2ba74, clickElement {id=6ebc31f7-5ba9-4271-9253-54356dff6f80}]
Capabilities {acceptInsecureCerts: false, browserName: chrome, browserVersion: 110.0.5481.77, chrome: {chromedriverVersion: 110.0.5481.77 (65ed616c6e8e..., userDataDir: C:\Users\alexa\AppData\Loca...}, goog:chromeOptions: {debuggerAddress: localhost:56056}, networkConnectionEnabled: false, pageLoadStrategy: normal, platformName: WINDOWS, proxy: Proxy(), se:cdp: ws://localhost:56056/devtoo..., se:cdpVersion: 110.0.5481.77, setWindowRect: true, strictFileInteractability: false, timeouts: {implicit: 0, pageLoad: 300000, script: 30000}, unhandledPromptBehavior: dismiss and notify, webauthn:extension:credBlob: true, webauthn:extension:largeBlob: true, webauthn:virtualAuthenticators: true}
Element: [[ChromeDriver: chrome on WINDOWS (f6e170f0fc8ab3352fc0098c3db2ba74)] -> xpath: //md-select[@ng-model='listingCtrl.computeServer.cud']]
Session ID: f6e170f0fc8ab3352fc0098c3db2ba74
at org.openqa.selenium.remote.codec.w3c.W3CHttpResponseCodec.createException(W3CHttpResponseCodec.java:200)
at org.openqa.selenium.remote.codec.w3c.W3CHttpResponseCodec.decode(W3CHttpResponseCodec.java:133)
at org.openqa.selenium.remote.codec.w3c.W3CHttpResponseCodec.decode(W3CHttpResponseCodec.java:53)
at org.openqa.selenium.remote.HttpCommandExecutor.execute(HttpCommandExecutor.java:184)
at org.openqa.selenium.remote.service.DriverCommandExecutor.invokeExecute(DriverCommandExecutor.java:167)
at org.openqa.selenium.remote.service.DriverCommandExecutor.execute(DriverCommandExecutor.java:142)
at org.openqa.selenium.remote.RemoteWebDriver.execute(RemoteWebDriver.java:535)
at org.openqa.selenium.remote.RemoteWebElement.execute(RemoteWebElement.java:257)
at org.openqa.selenium.remote.RemoteWebElement.click(RemoteWebElement.java:78)
at org.openqa.selenium.support.pagefactory.internal.LocatingElementHandler.invoke(LocatingElementHandler.java:52)
at jdk.proxy2/jdk.proxy2.$Proxy13.click(Unknown Source)
at pages.GoogleCloudPrisingCalculatorPage.chooseCommittedUsage(GoogleCloudPrisingCalculatorPage.java:143)
at HardcoreTest.chooseCommittedUsage(HardcoreTest.java:36)
... Removed 43 stack frames]]>
    </failure>
  </testcase> <!-- chooseCommittedUsage -->
  <testcase classname="HardcoreTest" name="clickAddToEstimateButton" time="1.114">
    <failure type="org.openqa.selenium.ElementClickInterceptedException" message="element click intercepted: Element &amp;lt;button class=&amp;quot;md-raised md-primary cpc-button md-button md-ink-ripple&amp;quot; type=&amp;quot;button&amp;quot; ng-transclude=&amp;quot;&amp;quot; ng-disabled=&amp;quot;ComputeEngineForm.$invalid || !listingCtrl.machineType[&amp;apos;computeServer&amp;apos;] ||
                         (listingCtrl.computeServer.series == &amp;apos;a2&amp;apos; &amp;amp;amp;&amp;amp;amp; !listingCtrl.computeServer.gpuType) || (listingCtrl.computeServer.series == &amp;apos;m2&amp;apos; &amp;amp;amp;&amp;amp;amp; listingCtrl.computeServer.class !== &amp;apos;regular&amp;apos;)&amp;quot; ng-click=&amp;quot;listingCtrl.addComputeServer(ComputeEngineForm);&amp;quot; aria-label=&amp;quot;Add to Estimate&amp;quot;&amp;gt;...&amp;lt;/button&amp;gt; is not clickable at point (653, 1446). Other element would receive the click: &amp;lt;md-backdrop class=&amp;quot;md-select-backdrop md-click-catcher ng-scope&amp;quot; style=&amp;quot;height: 3900px;&amp;quot;&amp;gt;&amp;lt;/md-backdrop&amp;gt;
  (Session info: chrome=110.0.5481.77)
Build info: version: &amp;apos;4.7.2&amp;apos;, revision: &amp;apos;4d4020c3b7&amp;apos;
System info: os.name: &amp;apos;Windows 10&amp;apos;, os.arch: &amp;apos;amd64&amp;apos;, os.version: &amp;apos;10.0&amp;apos;, java.version: &amp;apos;17.0.4.1&amp;apos;
Driver info: org.openqa.selenium.chrome.ChromeDriver
Command: [f6e170f0fc8ab3352fc0098c3db2ba74, clickElement {id=dfaf7f23-3c6b-4df0-a948-d9c8d95c5a1f}]
Capabilities {acceptInsecureCerts: false, browserName: chrome, browserVersion: 110.0.5481.77, chrome: {chromedriverVersion: 110.0.5481.77 (65ed616c6e8e..., userDataDir: C:\Users\alexa\AppData\Loca...}, goog:chromeOptions: {debuggerAddress: localhost:56056}, networkConnectionEnabled: false, pageLoadStrategy: normal, platformName: WINDOWS, proxy: Proxy(), se:cdp: ws://localhost:56056/devtoo..., se:cdpVersion: 110.0.5481.77, setWindowRect: true, strictFileInteractability: false, timeouts: {implicit: 0, pageLoad: 300000, script: 30000}, unhandledPromptBehavior: dismiss and notify, webauthn:extension:credBlob: true, webauthn:extension:largeBlob: true, webauthn:virtualAuthenticators: true}
Element: [[ChromeDriver: chrome on WINDOWS (f6e170f0fc8ab3352fc0098c3db2ba74)] -&amp;gt; xpath: //button[@ng-click=&amp;apos;listingCtrl.addComputeServer(ComputeEngineForm);&amp;apos;]]
Session ID: f6e170f0fc8ab3352fc0098c3db2ba74">
      <![CDATA[org.openqa.selenium.ElementClickInterceptedException: element click intercepted: Element <button class="md-raised md-primary cpc-button md-button md-ink-ripple" type="button" ng-transclude="" ng-disabled="ComputeEngineForm.$invalid || !listingCtrl.machineType['computeServer'] ||
                         (listingCtrl.computeServer.series == 'a2' &amp;&amp; !listingCtrl.computeServer.gpuType) || (listingCtrl.computeServer.series == 'm2' &amp;&amp; listingCtrl.computeServer.class !== 'regular')" ng-click="listingCtrl.addComputeServer(ComputeEngineForm);" aria-label="Add to Estimate">...</button> is not clickable at point (653, 1446). Other element would receive the click: <md-backdrop class="md-select-backdrop md-click-catcher ng-scope" style="height: 3900px;"></md-backdrop>
  (Session info: chrome=110.0.5481.77)
Build info: version: '4.7.2', revision: '4d4020c3b7'
System info: os.name: 'Windows 10', os.arch: 'amd64', os.version: '10.0', java.version: '17.0.4.1'
Driver info: org.openqa.selenium.chrome.ChromeDriver
Command: [f6e170f0fc8ab3352fc0098c3db2ba74, clickElement {id=dfaf7f23-3c6b-4df0-a948-d9c8d95c5a1f}]
Capabilities {acceptInsecureCerts: false, browserName: chrome, browserVersion: 110.0.5481.77, chrome: {chromedriverVersion: 110.0.5481.77 (65ed616c6e8e..., userDataDir: C:\Users\alexa\AppData\Loca...}, goog:chromeOptions: {debuggerAddress: localhost:56056}, networkConnectionEnabled: false, pageLoadStrategy: normal, platformName: WINDOWS, proxy: Proxy(), se:cdp: ws://localhost:56056/devtoo..., se:cdpVersion: 110.0.5481.77, setWindowRect: true, strictFileInteractability: false, timeouts: {implicit: 0, pageLoad: 300000, script: 30000}, unhandledPromptBehavior: dismiss and notify, webauthn:extension:credBlob: true, webauthn:extension:largeBlob: true, webauthn:virtualAuthenticators: true}
Element: [[ChromeDriver: chrome on WINDOWS (f6e170f0fc8ab3352fc0098c3db2ba74)] -> xpath: //button[@ng-click='listingCtrl.addComputeServer(ComputeEngineForm);']]
Session ID: f6e170f0fc8ab3352fc0098c3db2ba74
at org.openqa.selenium.remote.codec.w3c.W3CHttpResponseCodec.createException(W3CHttpResponseCodec.java:200)
at org.openqa.selenium.remote.codec.w3c.W3CHttpResponseCodec.decode(W3CHttpResponseCodec.java:133)
at org.openqa.selenium.remote.codec.w3c.W3CHttpResponseCodec.decode(W3CHttpResponseCodec.java:53)
at org.openqa.selenium.remote.HttpCommandExecutor.execute(HttpCommandExecutor.java:184)
at org.openqa.selenium.remote.service.DriverCommandExecutor.invokeExecute(DriverCommandExecutor.java:167)
at org.openqa.selenium.remote.service.DriverCommandExecutor.execute(DriverCommandExecutor.java:142)
at org.openqa.selenium.remote.RemoteWebDriver.execute(RemoteWebDriver.java:535)
at org.openqa.selenium.remote.RemoteWebElement.execute(RemoteWebElement.java:257)
at org.openqa.selenium.remote.RemoteWebElement.click(RemoteWebElement.java:78)
at org.openqa.selenium.support.pagefactory.internal.LocatingElementHandler.invoke(LocatingElementHandler.java:52)
at jdk.proxy2/jdk.proxy2.$Proxy13.click(Unknown Source)
at pages.GoogleCloudPrisingCalculatorPage.clickAddToEstimateButton(GoogleCloudPrisingCalculatorPage.java:148)
at HardcoreTest.clickAddToEstimateButton(HardcoreTest.java:39)
... Removed 43 stack frames]]>
    </failure>
  </testcase> <!-- clickAddToEstimateButton -->
  <testcase classname="HardcoreTest" name="clickEmailButton" time="60.574">
    <failure type="org.openqa.selenium.TimeoutException" message="Expected condition failed: waiting for element to be clickable: By.xpath: //button[@id=&amp;apos;Email Estimate&amp;apos;]/span (tried for 40 second(s) with 500 milliseconds interval)
Build info: version: &amp;apos;4.7.2&amp;apos;, revision: &amp;apos;4d4020c3b7&amp;apos;
System info: os.name: &amp;apos;Windows 10&amp;apos;, os.arch: &amp;apos;amd64&amp;apos;, os.version: &amp;apos;10.0&amp;apos;, java.version: &amp;apos;17.0.4.1&amp;apos;
Driver info: org.openqa.selenium.chrome.ChromeDriver
Capabilities {acceptInsecureCerts: false, browserName: chrome, browserVersion: 110.0.5481.77, chrome: {chromedriverVersion: 110.0.5481.77 (65ed616c6e8e..., userDataDir: C:\Users\alexa\AppData\Loca...}, goog:chromeOptions: {debuggerAddress: localhost:56056}, networkConnectionEnabled: false, pageLoadStrategy: normal, platformName: WINDOWS, proxy: Proxy(), se:cdp: ws://localhost:56056/devtoo..., se:cdpVersion: 110.0.5481.77, setWindowRect: true, strictFileInteractability: false, timeouts: {implicit: 0, pageLoad: 300000, script: 30000}, unhandledPromptBehavior: dismiss and notify, webauthn:extension:credBlob: true, webauthn:extension:largeBlob: true, webauthn:virtualAuthenticators: true}
Session ID: f6e170f0fc8ab3352fc0098c3db2ba74">
      <![CDATA[org.openqa.selenium.TimeoutException: Expected condition failed: waiting for element to be clickable: By.xpath: //button[@id='Email Estimate']/span (tried for 40 second(s) with 500 milliseconds interval)
Build info: version: '4.7.2', revision: '4d4020c3b7'
System info: os.name: 'Windows 10', os.arch: 'amd64', os.version: '10.0', java.version: '17.0.4.1'
Driver info: org.openqa.selenium.chrome.ChromeDriver
Capabilities {acceptInsecureCerts: false, browserName: chrome, browserVersion: 110.0.5481.77, chrome: {chromedriverVersion: 110.0.5481.77 (65ed616c6e8e..., userDataDir: C:\Users\alexa\AppData\Loca...}, goog:chromeOptions: {debuggerAddress: localhost:56056}, networkConnectionEnabled: false, pageLoadStrategy: normal, platformName: WINDOWS, proxy: Proxy(), se:cdp: ws://localhost:56056/devtoo..., se:cdpVersion: 110.0.5481.77, setWindowRect: true, strictFileInteractability: false, timeouts: {implicit: 0, pageLoad: 300000, script: 30000}, unhandledPromptBehavior: dismiss and notify, webauthn:extension:credBlob: true, webauthn:extension:largeBlob: true, webauthn:virtualAuthenticators: true}
Session ID: f6e170f0fc8ab3352fc0098c3db2ba74
at org.openqa.selenium.support.ui.WebDriverWait.timeoutException(WebDriverWait.java:87)
at org.openqa.selenium.support.ui.FluentWait.until(FluentWait.java:231)
at pages.GoogleCloudPrisingCalculatorPage.clickEmailButton(GoogleCloudPrisingCalculatorPage.java:177)
at HardcoreTest.clickEmailButton(HardcoreTest.java:42)
... Removed 34 stack frames]]>
    </failure>
  </testcase> <!-- clickEmailButton -->
  <testcase classname="HardcoreTest" name="getGeneratedEmail" time="7.502"/>
  <testcase classname="HardcoreTest" name="inputEmail" time="60.672">
    <failure type="org.openqa.selenium.TimeoutException" message="Expected condition failed: waiting for element to be clickable: By.xpath: //form[@name=&amp;apos;emailForm&amp;apos;]//input[@ng-model=&amp;apos;emailQuote.user.email&amp;apos;] (tried for 40 second(s) with 500 milliseconds interval)
Build info: version: &amp;apos;4.7.2&amp;apos;, revision: &amp;apos;4d4020c3b7&amp;apos;
System info: os.name: &amp;apos;Windows 10&amp;apos;, os.arch: &amp;apos;amd64&amp;apos;, os.version: &amp;apos;10.0&amp;apos;, java.version: &amp;apos;17.0.4.1&amp;apos;
Driver info: org.openqa.selenium.chrome.ChromeDriver
Capabilities {acceptInsecureCerts: false, browserName: chrome, browserVersion: 110.0.5481.77, chrome: {chromedriverVersion: 110.0.5481.77 (65ed616c6e8e..., userDataDir: C:\Users\alexa\AppData\Loca...}, goog:chromeOptions: {debuggerAddress: localhost:56056}, networkConnectionEnabled: false, pageLoadStrategy: normal, platformName: WINDOWS, proxy: Proxy(), se:cdp: ws://localhost:56056/devtoo..., se:cdpVersion: 110.0.5481.77, setWindowRect: true, strictFileInteractability: false, timeouts: {implicit: 0, pageLoad: 300000, script: 30000}, unhandledPromptBehavior: dismiss and notify, webauthn:extension:credBlob: true, webauthn:extension:largeBlob: true, webauthn:virtualAuthenticators: true}
Session ID: f6e170f0fc8ab3352fc0098c3db2ba74">
      <![CDATA[org.openqa.selenium.TimeoutException: Expected condition failed: waiting for element to be clickable: By.xpath: //form[@name='emailForm']//input[@ng-model='emailQuote.user.email'] (tried for 40 second(s) with 500 milliseconds interval)
Build info: version: '4.7.2', revision: '4d4020c3b7'
System info: os.name: 'Windows 10', os.arch: 'amd64', os.version: '10.0', java.version: '17.0.4.1'
Driver info: org.openqa.selenium.chrome.ChromeDriver
Capabilities {acceptInsecureCerts: false, browserName: chrome, browserVersion: 110.0.5481.77, chrome: {chromedriverVersion: 110.0.5481.77 (65ed616c6e8e..., userDataDir: C:\Users\alexa\AppData\Loca...}, goog:chromeOptions: {debuggerAddress: localhost:56056}, networkConnectionEnabled: false, pageLoadStrategy: normal, platformName: WINDOWS, proxy: Proxy(), se:cdp: ws://localhost:56056/devtoo..., se:cdpVersion: 110.0.5481.77, setWindowRect: true, strictFileInteractability: false, timeouts: {implicit: 0, pageLoad: 300000, script: 30000}, unhandledPromptBehavior: dismiss and notify, webauthn:extension:credBlob: true, webauthn:extension:largeBlob: true, webauthn:virtualAuthenticators: true}
Session ID: f6e170f0fc8ab3352fc0098c3db2ba74
at org.openqa.selenium.support.ui.WebDriverWait.timeoutException(WebDriverWait.java:87)
at org.openqa.selenium.support.ui.FluentWait.until(FluentWait.java:231)
at pages.GoogleCloudPrisingCalculatorPage.inputCopiedEmail(GoogleCloudPrisingCalculatorPage.java:187)
at HardcoreTest.inputEmail(HardcoreTest.java:54)
... Removed 34 stack frames]]>
    </failure>
  </testcase> <!-- inputEmail -->
  <testcase classname="HardcoreTest" name="sendEmail" time="60.57">
    <failure type="org.openqa.selenium.TimeoutException" message="Expected condition failed: waiting for element to be clickable: By.xpath: //button[contains(@class, &amp;apos;cpc-button&amp;apos;) and @aria-label = &amp;apos;Send Email&amp;apos;] (tried for 40 second(s) with 500 milliseconds interval)
Build info: version: &amp;apos;4.7.2&amp;apos;, revision: &amp;apos;4d4020c3b7&amp;apos;
System info: os.name: &amp;apos;Windows 10&amp;apos;, os.arch: &amp;apos;amd64&amp;apos;, os.version: &amp;apos;10.0&amp;apos;, java.version: &amp;apos;17.0.4.1&amp;apos;
Driver info: org.openqa.selenium.chrome.ChromeDriver
Capabilities {acceptInsecureCerts: false, browserName: chrome, browserVersion: 110.0.5481.77, chrome: {chromedriverVersion: 110.0.5481.77 (65ed616c6e8e..., userDataDir: C:\Users\alexa\AppData\Loca...}, goog:chromeOptions: {debuggerAddress: localhost:56056}, networkConnectionEnabled: false, pageLoadStrategy: normal, platformName: WINDOWS, proxy: Proxy(), se:cdp: ws://localhost:56056/devtoo..., se:cdpVersion: 110.0.5481.77, setWindowRect: true, strictFileInteractability: false, timeouts: {implicit: 0, pageLoad: 300000, script: 30000}, unhandledPromptBehavior: dismiss and notify, webauthn:extension:credBlob: true, webauthn:extension:largeBlob: true, webauthn:virtualAuthenticators: true}
Session ID: f6e170f0fc8ab3352fc0098c3db2ba74">
      <![CDATA[org.openqa.selenium.TimeoutException: Expected condition failed: waiting for element to be clickable: By.xpath: //button[contains(@class, 'cpc-button') and @aria-label = 'Send Email'] (tried for 40 second(s) with 500 milliseconds interval)
Build info: version: '4.7.2', revision: '4d4020c3b7'
System info: os.name: 'Windows 10', os.arch: 'amd64', os.version: '10.0', java.version: '17.0.4.1'
Driver info: org.openqa.selenium.chrome.ChromeDriver
Capabilities {acceptInsecureCerts: false, browserName: chrome, browserVersion: 110.0.5481.77, chrome: {chromedriverVersion: 110.0.5481.77 (65ed616c6e8e..., userDataDir: C:\Users\alexa\AppData\Loca...}, goog:chromeOptions: {debuggerAddress: localhost:56056}, networkConnectionEnabled: false, pageLoadStrategy: normal, platformName: WINDOWS, proxy: Proxy(), se:cdp: ws://localhost:56056/devtoo..., se:cdpVersion: 110.0.5481.77, setWindowRect: true, strictFileInteractability: false, timeouts: {implicit: 0, pageLoad: 300000, script: 30000}, unhandledPromptBehavior: dismiss and notify, webauthn:extension:credBlob: true, webauthn:extension:largeBlob: true, webauthn:virtualAuthenticators: true}
Session ID: f6e170f0fc8ab3352fc0098c3db2ba74
at org.openqa.selenium.support.ui.WebDriverWait.timeoutException(WebDriverWait.java:87)
at org.openqa.selenium.support.ui.FluentWait.until(FluentWait.java:231)
at pages.GoogleCloudPrisingCalculatorPage.clickSendEmailButton(GoogleCloudPrisingCalculatorPage.java:181)
at HardcoreTest.sendEmail(HardcoreTest.java:58)
... Removed 34 stack frames]]>
    </failure>
  </testcase> <!-- sendEmail -->
  <testcase classname="HardcoreTest" name="checkEmail" time="1.712"/>
  <testcase classname="HardcoreTest" name="compareResults" time="330.5">
    <failure type="org.openqa.selenium.NoSuchElementException" message="no such element: Unable to locate element: {&amp;quot;method&amp;quot;:&amp;quot;xpath&amp;quot;,&amp;quot;selector&amp;quot;:&amp;quot;//body[contains(@class, &amp;apos;bodymail&amp;apos;)]//h2&amp;quot;}
  (Session info: chrome=110.0.5481.77)
For documentation on this error, please visit: https://selenium.dev/exceptions/#no_such_element
Build info: version: &amp;apos;4.7.2&amp;apos;, revision: &amp;apos;4d4020c3b7&amp;apos;
System info: os.name: &amp;apos;Windows 10&amp;apos;, os.arch: &amp;apos;amd64&amp;apos;, os.version: &amp;apos;10.0&amp;apos;, java.version: &amp;apos;17.0.4.1&amp;apos;
Driver info: org.openqa.selenium.chrome.ChromeDriver
Command: [f6e170f0fc8ab3352fc0098c3db2ba74, findElement {using=xpath, value=//body[contains(@class, &amp;apos;bodymail&amp;apos;)]//h2}]
Capabilities {acceptInsecureCerts: false, browserName: chrome, browserVersion: 110.0.5481.77, chrome: {chromedriverVersion: 110.0.5481.77 (65ed616c6e8e..., userDataDir: C:\Users\alexa\AppData\Loca...}, goog:chromeOptions: {debuggerAddress: localhost:56056}, networkConnectionEnabled: false, pageLoadStrategy: normal, platformName: WINDOWS, proxy: Proxy(), se:cdp: ws://localhost:56056/devtoo..., se:cdpVersion: 110.0.5481.77, setWindowRect: true, strictFileInteractability: false, timeouts: {implicit: 0, pageLoad: 300000, script: 30000}, unhandledPromptBehavior: dismiss and notify, webauthn:extension:credBlob: true, webauthn:extension:largeBlob: true, webauthn:virtualAuthenticators: true}
Session ID: f6e170f0fc8ab3352fc0098c3db2ba74">
      <![CDATA[org.openqa.selenium.NoSuchElementException: no such element: Unable to locate element: {"method":"xpath","selector":"//body[contains(@class, 'bodymail')]//h2"}
  (Session info: chrome=110.0.5481.77)
For documentation on this error, please visit: https://selenium.dev/exceptions/#no_such_element
Build info: version: '4.7.2', revision: '4d4020c3b7'
System info: os.name: 'Windows 10', os.arch: 'amd64', os.version: '10.0', java.version: '17.0.4.1'
Driver info: org.openqa.selenium.chrome.ChromeDriver
Command: [f6e170f0fc8ab3352fc0098c3db2ba74, findElement {using=xpath, value=//body[contains(@class, 'bodymail')]//h2}]
Capabilities {acceptInsecureCerts: false, browserName: chrome, browserVersion: 110.0.5481.77, chrome: {chromedriverVersion: 110.0.5481.77 (65ed616c6e8e..., userDataDir: C:\Users\alexa\AppData\Loca...}, goog:chromeOptions: {debuggerAddress: localhost:56056}, networkConnectionEnabled: false, pageLoadStrategy: normal, platformName: WINDOWS, proxy: Proxy(), se:cdp: ws://localhost:56056/devtoo..., se:cdpVersion: 110.0.5481.77, setWindowRect: true, strictFileInteractability: false, timeouts: {implicit: 0, pageLoad: 300000, script: 30000}, unhandledPromptBehavior: dismiss and notify, webauthn:extension:credBlob: true, webauthn:extension:largeBlob: true, webauthn:virtualAuthenticators: true}
Session ID: f6e170f0fc8ab3352fc0098c3db2ba74
at org.openqa.selenium.remote.codec.w3c.W3CHttpResponseCodec.createException(W3CHttpResponseCodec.java:200)
at org.openqa.selenium.remote.codec.w3c.W3CHttpResponseCodec.decode(W3CHttpResponseCodec.java:133)
at org.openqa.selenium.remote.codec.w3c.W3CHttpResponseCodec.decode(W3CHttpResponseCodec.java:53)
at org.openqa.selenium.remote.HttpCommandExecutor.execute(HttpCommandExecutor.java:184)
at org.openqa.selenium.remote.service.DriverCommandExecutor.invokeExecute(DriverCommandExecutor.java:167)
at org.openqa.selenium.remote.service.DriverCommandExecutor.execute(DriverCommandExecutor.java:142)
at org.openqa.selenium.remote.RemoteWebDriver.execute(RemoteWebDriver.java:535)
at org.openqa.selenium.remote.ElementLocation$ElementFinder$2.findElement(ElementLocation.java:162)
at org.openqa.selenium.remote.ElementLocation.findElement(ElementLocation.java:60)
at org.openqa.selenium.remote.RemoteWebDriver.findElement(RemoteWebDriver.java:351)
at org.openqa.selenium.remote.RemoteWebDriver.findElement(RemoteWebDriver.java:343)
at pages.YopMailInboxPage.getEmailText(YopMailInboxPage.java:24)
at HardcoreTest.compareResults(HardcoreTest.java:70)
... Removed 39 stack frames]]>
    </failure>
  </testcase> <!-- compareResults -->
</testsuite> <!-- Command line test -->
